Using pre-set license
Built from '2020.2/release' branch; Version is '2020.2.0f1 (3721df5a8b28) revision 3613151'; Using compiler version '192528614'; Build Type 'Release'
OS: 'Windows 10  (10.0.0) 64bit' Language: 'zh' Physical Memory: 16219 MB
BatchMode: 1, IsHumanControllingUs: 0, StartBugReporterOnCrash: 0, Is64bit: 1, IsPro: 0

 COMMAND LINE ARGUMENTS:
C:\Program Files\Unity\Hub\Editor\2020.2.0f1\Editor\Unity.exe
-adb2
-batchMode
-noUpm
-name
AssetImportWorker0
-projectPath
D:/GBC/Semester 5/MULTIPLAYER SYSTEMS/GitHub/StreamingDataLab
-logFile
Logs/AssetImportWorker0.log
-srvPort
59197
Successfully changed project path to: D:/GBC/Semester 5/MULTIPLAYER SYSTEMS/GitHub/StreamingDataLab
D:/GBC/Semester 5/MULTIPLAYER SYSTEMS/GitHub/StreamingDataLab
Using Asset Import Pipeline V2.
Refreshing native plugins compatible for Editor in 32.56 ms, found 1 plugins.
Preloading 0 native plugins for Editor in 0.00 ms.
Initialize engine version: 2020.2.0f1 (3721df5a8b28)
[Subsystems] Discovering subsystems at path C:/Program Files/Unity/Hub/Editor/2020.2.0f1/Editor/Data/Resources/UnitySubsystems
[Subsystems] Discovering subsystems at path D:/GBC/Semester 5/MULTIPLAYER SYSTEMS/GitHub/StreamingDataLab/Assets
GfxDevice: creating device client; threaded=0
Direct3D:
    Version:  Direct3D 11.0 [level 11.1]
    Renderer: NVIDIA GeForce RTX 2070 Super with Max-Q Design (ID=0x1ed1)
    Vendor:   
    VRAM:     8011 MB
    Driver:   27.21.14.5720
Initialize mono
Mono path[0] = 'C:/Program Files/Unity/Hub/Editor/2020.2.0f1/Editor/Data/Managed'
Mono path[1] = 'C:/Program Files/Unity/Hub/Editor/2020.2.0f1/Editor/Data/MonoBleedingEdge/lib/mono/unityjit'
Mono config path = 'C:/Program Files/Unity/Hub/Editor/2020.2.0f1/Editor/Data/MonoBleedingEdge/etc'
Using monoOptions --debugger-agent=transport=dt_socket,embedding=1,server=y,suspend=n,address=127.0.0.1:56268
Begin MonoManager ReloadAssembly
Registering precompiled unity dll's ...
Register platform support module: C:/Program Files/Unity/Hub/Editor/2020.2.0f1/Editor/Data/PlaybackEngines/WebGLSupport/UnityEditor.WebGL.Extensions.dll
Register platform support module: C:/Program Files/Unity/Hub/Editor/2020.2.0f1/Editor/Data/PlaybackEngines/WindowsStandaloneSupport/UnityEditor.WindowsStandalone.Extensions.dll
Registered in 0.006923 seconds.
Native extension for WindowsStandalone target not found
Native extension for WebGL target not found
Refreshing native plugins compatible for Editor in 34.17 ms, found 1 plugins.
Preloading 0 native plugins for Editor in 0.00 ms.
Invoked RoslynAnalysisRunner static constructor.
RoslynAnalysisRunner will not be running.
RoslynAnalysisRunner has terminated.
Mono: successfully reloaded assembly
- Completed reload, in  2.052 seconds
Platform modules already initialized, skipping
Registering precompiled user dll's ...
Registered in 0.000934 seconds.
Begin MonoManager ReloadAssembly
Native extension for WindowsStandalone target not found
Native extension for WebGL target not found
Refreshing native plugins compatible for Editor in 32.24 ms, found 1 plugins.
Preloading 0 native plugins for Editor in 0.00 ms.
Invoked RoslynAnalysisRunner static constructor.
RoslynAnalysisRunner will not be running.
RoslynAnalysisRunner has terminated.
Mono: successfully reloaded assembly
- Completed reload, in  0.938 seconds
Platform modules already initialized, skipping
========================================================================
Worker process is ready to serve import requests
Launched and connected shader compiler UnityShaderCompiler.exe after 0.04 seconds
Refreshing native plugins compatible for Editor in 0.30 ms, found 1 plugins.
Preloading 0 native plugins for Editor in 0.00 ms.
Unloading 1790 Unused Serialized files (Serialized files now loaded: 0)
System memory in use before: 86.1 MB.
System memory in use after: 86.1 MB.

Unloading 24 unused Assets to reduce memory usage. Loaded Objects now: 2230.
Total: 1.780400 ms (FindLiveObjects: 0.194800 ms CreateObjectMapping: 0.095000 ms MarkObjects: 1.401500 ms  DeleteObjects: 0.087900 ms)

========================================================================
Received Import Request.
  path: Assets/Assignment.cs
  artifactKey: Guid(1103628904a12489da52a101bc65a29c) Importer(815301076,1909f56bfc062723c751e8b465ee728b)
Start importing Assets/Assignment.cs using Guid(1103628904a12489da52a101bc65a29c) Importer(815301076,1909f56bfc062723c751e8b465ee728b)  -> (artifact id: '4b5a7d9c4447496c4f8f5636c9d75ebe') in 0.031981 seconds
  Import took 0.034357 seconds .

========================================================================
Received Import Request.
  Time since last request: 0.010365 seconds.
  path: Assets/Assignment.cs
  artifactKey: Guid(1103628904a12489da52a101bc65a29c) Importer(815301076,1909f56bfc062723c751e8b465ee728b)
Start importing Assets/Assignment.cs using Guid(1103628904a12489da52a101bc65a29c) Importer(815301076,1909f56bfc062723c751e8b465ee728b)  -> (artifact id: '4b5a7d9c4447496c4f8f5636c9d75ebe') in 0.002499 seconds
  Import took 0.004896 seconds .

========================================================================
Received Prepare
Registering precompiled user dll's ...
Registered in 0.000959 seconds.
Begin MonoManager ReloadAssembly
Native extension for WindowsStandalone target not found
Native extension for WebGL target not found
Refreshing native plugins compatible for Editor in 0.29 ms, found 1 plugins.
Preloading 0 native plugins for Editor in 0.00 ms.
Invoked RoslynAnalysisRunner static constructor.
RoslynAnalysisRunner will not be running.
RoslynAnalysisRunner has terminated.
Mono: successfully reloaded assembly
- Completed reload, in  0.784 seconds
Platform modules already initialized, skipping
Refreshing native plugins compatible for Editor in 0.29 ms, found 1 plugins.
Preloading 0 native plugins for Editor in 0.00 ms.
Unloading 1785 Unused Serialized files (Serialized files now loaded: 0)
System memory in use before: 86.2 MB.
System memory in use after: 86.2 MB.

Unloading 12 unused Assets to reduce memory usage. Loaded Objects now: 2233.
Total: 1.755600 ms (FindLiveObjects: 0.171500 ms CreateObjectMapping: 0.065100 ms MarkObjects: 1.446200 ms  DeleteObjects: 0.071900 ms)

========================================================================
Received Prepare
Registering precompiled user dll's ...
Registered in 0.001478 seconds.
Begin MonoManager ReloadAssembly
Native extension for WindowsStandalone target not found
Native extension for WebGL target not found
Refreshing native plugins compatible for Editor in 0.38 ms, found 1 plugins.
Preloading 0 native plugins for Editor in 0.00 ms.
Invoked RoslynAnalysisRunner static constructor.
RoslynAnalysisRunner will not be running.
RoslynAnalysisRunner has terminated.
Mono: successfully reloaded assembly
- Completed reload, in  1.015 seconds
Platform modules already initialized, skipping
Refreshing native plugins compatible for Editor in 0.31 ms, found 1 plugins.
Preloading 0 native plugins for Editor in 0.00 ms.
Unloading 1785 Unused Serialized files (Serialized files now loaded: 0)
System memory in use before: 86.3 MB.
System memory in use after: 86.3 MB.

Unloading 12 unused Assets to reduce memory usage. Loaded Objects now: 2236.
Total: 2.340700 ms (FindLiveObjects: 0.226300 ms CreateObjectMapping: 0.123500 ms MarkObjects: 1.872500 ms  DeleteObjects: 0.117100 ms)

========================================================================
Received Import Request.
  Time since last request: 72.867993 seconds.
  path: Assets/indices.txt
  artifactKey: Guid(a9442722d5712b54c8db380de3b722e0) Importer(815301076,1909f56bfc062723c751e8b465ee728b)
Start importing Assets/indices.txt using Guid(a9442722d5712b54c8db380de3b722e0) Importer(815301076,1909f56bfc062723c751e8b465ee728b)  -> (artifact id: 'af947f993094ee2e1a2458b9f0fe1003') in 0.023275 seconds
  Import took 0.029254 seconds .

========================================================================
Received Import Request.
  Time since last request: 15.335375 seconds.
  path: Assets/1.txt
  artifactKey: Guid(ea8f8c3bcd353384584feae7dce53e70) Importer(815301076,1909f56bfc062723c751e8b465ee728b)
Start importing Assets/1.txt using Guid(ea8f8c3bcd353384584feae7dce53e70) Importer(815301076,1909f56bfc062723c751e8b465ee728b)  -> (artifact id: 'be6292acc0b8f706b5307a761944f913') in 0.003019 seconds
  Import took 0.008312 seconds .

========================================================================
Received Import Request.
  Time since last request: 2.883681 seconds.
  path: Assets/indices.txt
  artifactKey: Guid(a9442722d5712b54c8db380de3b722e0) Importer(815301076,1909f56bfc062723c751e8b465ee728b)
Start importing Assets/indices.txt using Guid(a9442722d5712b54c8db380de3b722e0) Importer(815301076,1909f56bfc062723c751e8b465ee728b)  -> (artifact id: 'd6de83abdf86ecc3bda82d7025bd5290') in 0.003092 seconds
  Import took 0.005809 seconds .

========================================================================
Received Import Request.
  Time since last request: 0.000475 seconds.
  path: Assets/indices.txt
  artifactKey: Guid(a9442722d5712b54c8db380de3b722e0) Importer(815301076,1909f56bfc062723c751e8b465ee728b)
Start importing Assets/indices.txt using Guid(a9442722d5712b54c8db380de3b722e0) Importer(815301076,1909f56bfc062723c751e8b465ee728b)  -> (artifact id: 'd6de83abdf86ecc3bda82d7025bd5290') in 0.002677 seconds
  Import took 0.005020 seconds .

========================================================================
Received Import Request.
  Time since last request: 2.961249 seconds.
  path: Assets/OurBelovedSaveFile.txt
  artifactKey: Guid(d2e719ce511e85c43b116115579ca256) Importer(815301076,1909f56bfc062723c751e8b465ee728b)
Start importing Assets/OurBelovedSaveFile.txt using Guid(d2e719ce511e85c43b116115579ca256) Importer(815301076,1909f56bfc062723c751e8b465ee728b)  -> (artifact id: '76f28f1ad64eacdc3b38dbdc2e516054') in 0.002896 seconds
  Import took 0.005847 seconds .

========================================================================
Received Import Request.
  Time since last request: 0.001672 seconds.
  path: Assets/OurBelovedSaveFile.txt
  artifactKey: Guid(d2e719ce511e85c43b116115579ca256) Importer(815301076,1909f56bfc062723c751e8b465ee728b)
Start importing Assets/OurBelovedSaveFile.txt using Guid(d2e719ce511e85c43b116115579ca256) Importer(815301076,1909f56bfc062723c751e8b465ee728b)  -> (artifact id: '76f28f1ad64eacdc3b38dbdc2e516054') in 0.003076 seconds
  Import took 0.005760 seconds .

AssetImportWorkerClient::OnTransportError - code=2 error=End of file
